0 info it worked if it ends with ok
1 verbose cli [ '/Users/alessandrots/.nvm/versions/node/v4.4.2/bin/node',
1 verbose cli   '/Users/alessandrots/.nvm/versions/node/v4.4.2/bin/npm',
1 verbose cli   'run',
1 verbose cli   'ionic:build' ]
2 info using npm@2.15.0
3 info using node@v4.4.2
4 verbose stack Error: ENOENT: no such file or directory, open '/Users/alessandrots/Projetos/outros/ionic2-projects/package.json'
4 verbose stack     at Error (native)
5 verbose cwd /Users/alessandrots/Projetos/outros/ionic2-projects
6 error Darwin 15.6.0
7 error argv "/Users/alessandrots/.nvm/versions/node/v4.4.2/bin/node" "/Users/alessandrots/.nvm/versions/node/v4.4.2/bin/npm" "run" "ionic:build"
8 error node v4.4.2
9 error npm  v2.15.0
10 error path /Users/alessandrots/Projetos/outros/ionic2-projects/package.json
11 error code ENOENT
12 error errno -2
13 error syscall open
14 error enoent ENOENT: no such file or directory, open '/Users/alessandrots/Projetos/outros/ionic2-projects/package.json'
14 error enoent This is most likely not a problem with npm itself
14 error enoent and is related to npm not being able to find a file.
15 verbose exit [ -2, true ]
